
> resume-engine@1.0.0 dev
> vite --host 127.0.0.1 --port 4174


  [32m[1mVITE[22m v5.4.21[39m  [2mready in [0m[1m261[22m[2m[0m ms[22m

  [32m➜[39m  [1mLocal[22m:   [36mhttp://127.0.0.1:[1m4174[22m/[39m
[2m20:56:30[22m [36m[1m[vite][22m[39m [32mpage reload [39m[2msrc/main.js[22m
[2m20:56:30[22m [36m[1m[vite][22m[39m [32mhmr update [39m[2m/src/styles/main.css[22m
[2m21:41:28[22m [36m[1m[vite][22m[39m [32mpage reload [39m[2msrc/main.js[22m
[2m21:41:41[22m [36m[1m[vite][22m[39m [32mhmr update [39m[2m/src/styles/main.css[22m
[2m22:54:49[22m [36m[1m[vite][22m[39m [32mpage reload [39m[2msrc/main.js[22m
[2m23:28:35[22m [36m[1m[vite][22m[39m [32mpage reload [39m[2msrc/main.js[22m
[2m00:27:04[22m [36m[1m[vite][22m[39m [32mpage reload [39m[2mtmp/cdp-profile/Default/Extensions/ncennffkjdiamlpmcbajkmaiiiddgioo/3.52.14_0/options.html[22m
[2m00:27:04[22m [36m[1m[vite][22m[39m [32mpage reload [39m[2mtmp/cdp-profile/Default/Extensions/ncennffkjdiamlpmcbajkmaiiiddgioo/3.52.14_0/popup.html[22m
[2m00:27:04[22m [36m[1m[vite][22m[39m [32mpage reload [39m[2mtmp/cdp-profile/Default/Extensions/ncennffkjdiamlpmcbajkmaiiiddgioo/3.52.14_0/xl-images.html[22m
[2m00:45:28[22m [36m[1m[vite][22m[39m changed tsconfig file detected: D:\Project\resume-engine\%TEMP%\vite-librarian\docs\tsconfig.json - Clearing cache and forcing full-reload to ensure TypeScript is compiled with updated config values.
[2m00:45:28[22m [36m[1m[vite][22m[39m [32mpage reload [39m[2m%TEMP%/vite-librarian/packages/create-vite/template-qwik/index.html[22m
[2m00:45:28[22m [36m[1m[vite][22m[39m [32mpage reload [39m[2m%TEMP%/vite-librarian/packages/create-vite/template-lit/index.html[22m
[2m00:45:28[22m [36m[1m[vite][22m[39m [32mpage reload [39m[2m%TEMP%/vite-librarian/packages/create-vite/template-preact/index.html[22m
[2m00:45:28[22m [36m[1m[vite][22m[39m [32mpage reload [39m[2m%TEMP%/vite-librarian/packages/create-vite/template-lit-ts/index.html[22m
[2m00:45:28[22m [36m[1m[vite][22m[39m changed tsconfig file detected: D:\Project\resume-engine\%TEMP%\vite-librarian\packages\create-vite\template-lit-ts\tsconfig.json - Clearing cache and forcing full-reload to ensure TypeScript is compiled with updated config values.
[2m00:45:28[22m [36m[1m[vite][22m[39m [32mpage reload [39m[2m%TEMP%/vite-librarian/packages/create-vite/template-react-ts/index.html[22m
[2m00:45:28[22m [36m[1m[vite][22m[39m changed tsconfig file detected: D:\Project\resume-engine\%TEMP%\vite-librarian\packages\create-vite\template-react-ts\tsconfig.json - Clearing cache and forcing full-reload to ensure TypeScript is compiled with updated config values.
[2m00:45:28[22m [36m[1m[vite][22m[39m [32mpage reload [39m[2m%TEMP%/vite-librarian/packages/create-vite/template-qwik-ts/index.html[22m
[2m00:45:28[22m [36m[1m[vite][22m[39m changed tsconfig file detected: D:\Project\resume-engine\%TEMP%\vite-librarian\packages\create-vite\template-qwik-ts\tsconfig.json - Clearing cache and forcing full-reload to ensure TypeScript is compiled with updated config values.
[2m00:45:28[22m [36m[1m[vite][22m[39m [32mpage reload [39m[2m%TEMP%/vite-librarian/packages/create-vite/template-preact-ts/index.html[22m
[2m00:45:28[22m [36m[1m[vite][22m[39m changed tsconfig file detected: D:\Project\resume-engine\%TEMP%\vite-librarian\packages\create-vite\template-preact-ts\tsconfig.json - Clearing cache and forcing full-reload to ensure TypeScript is compiled with updated config values.
[2m00:45:28[22m [36m[1m[vite][22m[39m [32mpage reload [39m[2m%TEMP%/vite-librarian/packages/create-vite/template-react/index.html[22m
[2m00:45:28[22m [36m[1m[vite][22m[39m [32mpage reload [39m[2m%TEMP%/vite-librarian/packages/create-vite/template-solid/index.html[22m
[2m00:45:28[22m [36m[1m[vite][22m[39m [32mpage reload [39m[2m%TEMP%/vite-librarian/packages/create-vite/template-solid-ts/index.html[22m
[2m00:45:28[22m [36m[1m[vite][22m[39m changed tsconfig file detected: D:\Project\resume-engine\%TEMP%\vite-librarian\packages\create-vite\template-solid-ts\tsconfig.json - Clearing cache and forcing full-reload to ensure TypeScript is compiled with updated config values.
[2m00:45:28[22m [36m[1m[vite][22m[39m changed tsconfig file detected: D:\Project\resume-engine\%TEMP%\vite-librarian\packages\create-vite\tsconfig.json - Clearing cache and forcing full-reload to ensure TypeScript is compiled with updated config values.
[2m00:45:28[22m [36m[1m[vite][22m[39m [32mpage reload [39m[2m%TEMP%/vite-librarian/packages/create-vite/template-svelte/index.html[22m
[2m00:45:28[22m [36m[1m[vite][22m[39m [32mpage reload [39m[2m%TEMP%/vite-librarian/packages/create-vite/template-svelte-ts/index.html[22m
[2m00:45:28[22m [36m[1m[vite][22m[39m changed tsconfig file detected: D:\Project\resume-engine\%TEMP%\vite-librarian\packages\create-vite\template-svelte-ts\tsconfig.json - Clearing cache and forcing full-reload to ensure TypeScript is compiled with updated config values.
[2m00:45:28[22m [36m[1m[vite][22m[39m [32mpage reload [39m[2m%TEMP%/vite-librarian/packages/create-vite/template-vanilla-ts/index.html[22m
[2m00:45:28[22m [36m[1m[vite][22m[39m changed tsconfig file detected: D:\Project\resume-engine\%TEMP%\vite-librarian\packages\create-vite\template-vanilla-ts\tsconfig.json - Clearing cache and forcing full-reload to ensure TypeScript is compiled with updated config values.
[2m00:45:28[22m [36m[1m[vite][22m[39m [32mpage reload [39m[2m%TEMP%/vite-librarian/packages/create-vite/template-vanilla/index.html[22m
[2m00:45:28[22m [36m[1m[vite][22m[39m [32mpage reload [39m[2m%TEMP%/vite-librarian/packages/create-vite/template-vue-ts/index.html[22m
[2m00:45:28[22m [36m[1m[vite][22m[39m changed tsconfig file detected: D:\Project\resume-engine\%TEMP%\vite-librarian\packages\create-vite\template-vue-ts\tsconfig.json - Clearing cache and forcing full-reload to ensure TypeScript is compiled with updated config values.
[2m00:45:28[22m [36m[1m[vite][22m[39m [32mpage reload [39m[2m%TEMP%/vite-librarian/packages/create-vite/template-vue/index.html[22m
[2m00:45:28[22m [36m[1m[vite][22m[39m changed tsconfig file detected: D:\Project\resume-engine\%TEMP%\vite-librarian\packages\plugin-legacy\tsconfig.json - Clearing cache and forcing full-reload to ensure TypeScript is compiled with updated config values.
[2m00:45:28[22m [36m[1m[vite][22m[39m changed tsconfig file detected: D:\Project\resume-engine\%TEMP%\vite-librarian\packages\vite\tsconfig.json - Clearing cache and forcing full-reload to ensure TypeScript is compiled with updated config values.
[2m00:45:28[22m [36m[1m[vite][22m[39m changed tsconfig file detected: D:\Project\resume-engine\%TEMP%\vite-librarian\packages\vite\src\client\tsconfig.json - Clearing cache and forcing full-reload to ensure TypeScript is compiled with updated config values.
[2m00:45:28[22m [36m[1m[vite][22m[39m changed tsconfig file detected: D:\Project\resume-engine\%TEMP%\vite-librarian\packages\vite\src\module-runner\tsconfig.json - Clearing cache and forcing full-reload to ensure TypeScript is compiled with updated config values.
[2m00:45:28[22m [36m[1m[vite][22m[39m changed tsconfig file detected: D:\Project\resume-engine\%TEMP%\vite-librarian\packages\vite\src\node\tsconfig.json - Clearing cache and forcing full-reload to ensure TypeScript is compiled with updated config values.
[2m00:45:28[22m [36m[1m[vite][22m[39m changed tsconfig file detected: D:\Project\resume-engine\%TEMP%\vite-librarian\packages\vite\src\shared\tsconfig.json - Clearing cache and forcing full-reload to ensure TypeScript is compiled with updated config values.
[2m00:45:29[22m [36m[1m[vite][22m[39m changed tsconfig file detected: D:\Project\resume-engine\%TEMP%\vite-librarian\packages\vite\src\module-runner\__tests_dts__\tsconfig.json - Clearing cache and forcing full-reload to ensure TypeScript is compiled with updated config values.
[2m00:45:29[22m [36m[1m[vite][22m[39m changed tsconfig file detected: D:\Project\resume-engine\%TEMP%\vite-librarian\packages\vite\src\node\__tests_dts__\tsconfig.json - Clearing cache and forcing full-reload to ensure TypeScript is compiled with updated config values.
[2m00:45:29[22m [36m[1m[vite][22m[39m [32mpage reload [39m[2m%TEMP%/vite-librarian/playground/assets-sanitize/index.html[22m
[2m00:45:29[22m [36m[1m[vite][22m[39m [32mpage reload [39m[2m%TEMP%/vite-librarian/playground/alias/index.html[22m
[2m00:45:29[22m [36m[1m[vite][22m[39m [32mpage reload [39m[2m%TEMP%/vite-librarian/playground/assets/index.html[22m
[2m00:45:29[22m [36m[1m[vite][22m[39m [32mpage reload [39m[2m%TEMP%/vite-librarian/playground/build-old/index.html[22m
[2m00:45:29[22m [36m[1m[vite][22m[39m [32mpage reload [39m[2m%TEMP%/vite-librarian/playground/cli/index.html[22m
[2m00:45:29[22m [36m[1m[vite][22m[39m [32mpage reload [39m[2m%TEMP%/vite-librarian/playground/base-conflict/index.html[22m
[2m00:45:29[22m [36m[1m[vite][22m[39m [32mpage reload [39m[2m%TEMP%/vite-librarian/playground/cli-module/index.html[22m
[2m00:45:29[22m [36m[1m[vite][22m[39m [32mpage reload [39m[2m%TEMP%/vite-librarian/playground/csp/index.html[22m
[2m00:45:29[22m [36m[1m[vite][22m[39m [32mpage reload [39m[2m%TEMP%/vite-librarian/playground/css-codesplit/index.html[22m
[2m00:45:29[22m [36m[1m[vite][22m[39m [32mpage reload [39m[2m%TEMP%/vite-librarian/playground/css-codesplit/shared-css-no-js.html[22m
[2m00:45:29[22m [36m[1m[vite][22m[39m [32mpage reload [39m[2m%TEMP%/vite-librarian/playground/css-codesplit/shared-css-with-js.html[22m
[2m00:45:29[22m [36m[1m[vite][22m[39m [32mpage reload [39m[2m%TEMP%/vite-librarian/playground/css-codesplit-cjs/index.html[22m
[2m00:45:29[22m [36m[1m[vite][22m[39m [32mpage reload [39m[2m%TEMP%/vite-librarian/playground/client-reload/index.html[22m
[2m00:45:29[22m [36m[1m[vite][22m[39m [32mpage reload [39m[2m%TEMP%/vite-librarian/playground/css-dynamic-import/index.html[22m
[2m00:45:29[22m [36m[1m[vite][22m[39m [32mpage reload [39m[2m%TEMP%/vite-librarian/playground/css-lightningcss-proxy/index.html[22m
[2m00:45:29[22m [36m[1m[vite][22m[39m [32mpage reload [39m[2m%TEMP%/vite-librarian/playground/css-lightningcss/index.html[22m
[2m00:45:29[22m [36m[1m[vite][22m[39m [32mpage reload [39m[2m%TEMP%/vite-librarian/playground/css-no-codesplit/index.html[22m
[2m00:45:29[22m [36m[1m[vite][22m[39m [32mpage reload [39m[2m%TEMP%/vite-librarian/playground/css-no-codesplit/sub.html[22m
[2m00:45:29[22m [36m[1m[vite][22m[39m [32mpage reload [39m[2m%TEMP%/vite-librarian/playground/css-sourcemap/index.html[22m
[2m00:45:29[22m [36m[1m[vite][22m[39m [32mpage reload [39m[2m%TEMP%/vite-librarian/playground/css/index.html[22m
[2m00:45:29[22m [36m[1m[vite][22m[39m [32mpage reload [39m[2m%TEMP%/vite-librarian/playground/assets/nested/partial.html[22m
[2m00:45:29[22m [36m[1m[vite][22m[39m [32mpage reload [39m[2m%TEMP%/vite-librarian/playground/css-lightningcss-root/root/index.html[22m
[2m00:45:29[22m [36m[1m[vite][22m[39m [32mpage reload [39m[2m%TEMP%/vite-librarian/playground/data-uri/index.html[22m
[2m00:45:29[22m [36m[1m[vite][22m[39m [32mpage reload [39m[2m%TEMP%/vite-librarian/playground/devtools/index.html[22m
[2m00:45:29[22m [36m[1m[vite][22m[39m [32mpage reload [39m[2m%TEMP%/vite-librarian/playground/define/index.html[22m
[2m00:45:29[22m [36m[1m[vite][22m[39m [32mpage reload [39m[2m%TEMP%/vite-librarian/playground/dynamic-import-inline/index.html[22m
[2m00:45:29[22m [36m[1m[vite][22m[39m [32mpage reload [39m[2m%TEMP%/vite-librarian/playground/dynamic-import/index.html[22m
[2m00:45:29[22m [36m[1m[vite][22m[39m changed tsconfig file detected: D:\Project\resume-engine\%TEMP%\vite-librarian\playground\environment-react-ssr\tsconfig.json - Clearing cache and forcing full-reload to ensure TypeScript is compiled with updated config values.
[2m00:45:29[22m [36m[1m[vite][22m[39m [32mpage reload [39m[2m%TEMP%/vite-librarian/playground/environment-react-ssr/index.html[22m
[2m00:45:29[22m [36m[1m[vite][22m[39m [32mpage reload [39m[2m%TEMP%/vite-librarian/playground/extensions/index.html[22m
[2m00:45:29[22m [36m[1m[vite][22m[39m [32mpage reload [39m[2m%TEMP%/vite-librarian/playground/forward-console/index.html[22m
[2m00:45:29[22m [36m[1m[vite][22m[39m [32mpage reload [39m[2m%TEMP%/vite-librarian/playground/external/index.html[22m
[2m00:45:29[22m [36m[1m[vite][22m[39m [32mpage reload [39m[2m%TEMP%/vite-librarian/playground/fs-serve/unsafe.html[22m
[2m00:45:29[22m [36m[1m[vite][22m[39m [32mpage reload [39m[2m%TEMP%/vite-librarian/playground/env/index.html[22m
[2m00:45:29[22m [36m[1m[vite][22m[39m [32mpage reload [39m[2m%TEMP%/vite-librarian/playground/env-nested/index.html[22m
[2m00:45:29[22m [36m[1m[vite][22m[39m [32mpage reload [39m[2m%TEMP%/vite-librarian/playground/glob-import/index.html[22m
[2m00:45:29[22m [36m[1m[vite][22m[39m [32mpage reload [39m[2m%TEMP%/vite-librarian/playground/hmr/index.html[22m
[2m00:45:29[22m [36m[1m[vite][22m[39m [32mpage reload [39m[2m%TEMP%/vite-librarian/playground/hmr-full-bundle-mode/index.html[22m
[2m00:45:29[22m [36m[1m[vite][22m[39m [32mpage reload [39m[2m%TEMP%/vite-librarian/playground/css/treeshake-scoped/index.html[22m
[2m00:45:30[22m [36m[1m[vite][22m[39m [32mpage reload [39m[2m%TEMP%/vite-librarian/playground/html/a á.html[22m
[2m00:45:30[22m [36m[1m[vite][22m[39m [32mpage reload [39m[2m%TEMP%/vite-librarian/playground/html/emptyAttr.html[22m
[2m00:45:30[22m [36m[1m[vite][22m[39m [32mpage reload [39m[2m%TEMP%/vite-librarian/playground/html/env.html[22m
[2m00:45:30[22m [36m[1m[vite][22m[39m [32mpage reload [39m[2m%TEMP%/vite-librarian/playground/html/foo.html[22m
[2m00:45:30[22m [36m[1m[vite][22m[39m [32mpage reload [39m[2m%TEMP%/vite-librarian/playground/html/index.html[22m
[2m00:45:30[22m [36m[1m[vite][22m[39m [32mpage reload [39m[2m%TEMP%/vite-librarian/playground/html/importmapOrder.html[22m
[2m00:45:30[22m [36m[1m[vite][22m[39m [32mpage reload [39m[2m%TEMP%/vite-librarian/playground/html/invalid.html[22m
[2m00:45:30[22m [36m[1m[vite][22m[39m [32mpage reload [39m[2m%TEMP%/vite-librarian/playground/html/invalidClick.html[22m
[2m00:45:30[22m [36m[1m[vite][22m[39m [32mpage reload [39m[2m%TEMP%/vite-librarian/playground/html/invalidEscape.html[22m
[2m00:45:30[22m [36m[1m[vite][22m[39m [32mpage reload [39m[2m%TEMP%/vite-librarian/playground/html/link.html[22m
[2m00:45:30[22m [36m[1m[vite][22m[39m [32mpage reload [39m[2m%TEMP%/vite-librarian/playground/html/malformed-url.html[22m
[2m00:45:30[22m [36m[1m[vite][22m[39m [32mpage reload [39m[2m%TEMP%/vite-librarian/playground/html/noBody.html[22m
[2m00:45:30[22m [36m[1m[vite][22m[39m [32mpage reload [39m[2m%TEMP%/vite-librarian/playground/html/noHead.html[22m
[2m00:45:30[22m [36m[1m[vite][22m[39m [32mpage reload [39m[2m%TEMP%/vite-librarian/playground/html/relative-input.html[22m
[2m00:45:30[22m [36m[1m[vite][22m[39m [32mpage reload [39m[2m%TEMP%/vite-librarian/playground/html/scriptAsync.html[22m
[2m00:45:30[22m [36m[1m[vite][22m[39m [32mpage reload [39m[2m%TEMP%/vite-librarian/playground/html/scriptMixed.html[22m
[2m00:45:30[22m [36m[1m[vite][22m[39m [32mpage reload [39m[2m%TEMP%/vite-librarian/playground/html/transform-inline-js.html[22m
[2m00:45:30[22m [36m[1m[vite][22m[39m [32mpage reload [39m[2m%TEMP%/vite-librarian/playground/html/valid.html[22m
[2m00:45:30[22m [36m[1m[vite][22m[39m [32mpage reload [39m[2m%TEMP%/vite-librarian/playground/html/zeroJS.html[22m
[2m00:45:30[22m [36m[1m[vite][22m[39m [32mpage reload [39m[2m%TEMP%/vite-librarian/playground/html/write.html[22m
[2m00:45:30[22m [36m[1m[vite][22m[39m [32mpage reload [39m[2m%TEMP%/vite-librarian/playground/js-sourcemap/index.html[22m
[2m00:45:30[22m [36m[1m[vite][22m[39m [32mpage reload [39m[2m%TEMP%/vite-librarian/playground/json/index.html[22m
[2m00:45:30[22m [36m[1m[vite][22m[39m [32mpage reload [39m[2m%TEMP%/vite-librarian/playground/import-assertion/index.html[22m
[2m00:45:30[22m [36m[1m[vite][22m[39m [32mpage reload [39m[2m%TEMP%/vite-librarian/playground/legacy/index.html[22m
[2m00:45:30[22m [36m[1m[vite][22m[39m [32mpage reload [39m[2m%TEMP%/vite-librarian/playground/legacy/no-polyfills-no-systemjs.html[22m
[2m00:45:30[22m [36m[1m[vite][22m[39m [32mpage reload [39m[2m%TEMP%/vite-librarian/playground/legacy/no-polyfills.html[22m
[2m00:45:30[22m [36m[1m[vite][22m[39m [32mpage reload [39m[2m%TEMP%/vite-librarian/playground/lib/index.dist.html[22m
[2m00:45:30[22m [36m[1m[vite][22m[39m [32mpage reload [39m[2m%TEMP%/vite-librarian/playground/lib/index.html[22m
[2m00:45:30[22m [36m[1m[vite][22m[39m [32mpage reload [39m[2m%TEMP%/vite-librarian/playground/minify/index.html[22m
[2m00:45:30[22m [36m[1m[vite][22m[39m changed tsconfig file detected: D:\Project\resume-engine\%TEMP%\vite-librarian\playground\tsconfig.json - Clearing cache and forcing full-reload to ensure TypeScript is compiled with updated config values.
[2m00:45:30[22m [36m[1m[vite][22m[39m [32mpage reload [39m[2m%TEMP%/vite-librarian/playground/backend-integration/frontend/entrypoints/index.html[22m
[2m00:45:30[22m [36m[1m[vite][22m[39m [32mpage reload [39m[2m%TEMP%/vite-librarian/playground/multiple-entrypoints/index.html[22m
[2m00:45:30[22m [36m[1m[vite][22m[39m [32mpage reload [39m[2m%TEMP%/vite-librarian/playground/nested-deps/index.html[22m
[2m00:45:30[22m [36m[1m[vite][22m[39m [32mpage reload [39m[2m%TEMP%/vite-librarian/playground/optimize-deps-no-discovery/index.html[22m
[2m00:45:30[22m [36m[1m[vite][22m[39m [32mpage reload [39m[2m%TEMP%/vite-librarian/playground/optimize-deps/index.html[22m
[2m00:45:30[22m [36m[1m[vite][22m[39m [32mpage reload [39m[2m%TEMP%/vite-librarian/playground/object-hooks/index.html[22m
[2m00:45:30[22m [36m[1m[vite][22m[39m [32mpage reload [39m[2m%TEMP%/vite-librarian/playground/module-graph/index.html[22m
[2m00:45:30[22m [36m[1m[vite][22m[39m [32mpage reload [39m[2m%TEMP%/vite-librarian/playground/fs-serve/root/unsafe.html[22m
[2m00:45:30[22m [36m[1m[vite][22m[39m [32mpage reload [39m[2m%TEMP%/vite-librarian/playground/optimize-missing-deps/index.html[22m
[2m00:45:30[22m [36m[1m[vite][22m[39m [32mpage reload [39m[2m%TEMP%/vite-librarian/playground/hmr/counter/index.html[22m
[2m00:45:30[22m [36m[1m[vite][22m[39m [32mpage reload [39m[2m%TEMP%/vite-librarian/playground/hmr/css-deps/index.html[22m
[2m00:45:30[22m [36m[1m[vite][22m[39m [32mpage reload [39m[2m%TEMP%/vite-librarian/playground/hmr/css-link/index.html[22m
[2m00:45:30[22m [36m[1m[vite][22m[39m [32mpage reload [39m[2m%TEMP%/vite-librarian/playground/hmr/missing-file/index.html[22m
[2m00:45:30[22m [36m[1m[vite][22m[39m [32mpage reload [39m[2m%TEMP%/vite-librarian/playground/hmr/missing-import/index.html[22m
[2m00:45:30[22m [36m[1m[vite][22m[39m [32mpage reload [39m[2m%TEMP%/vite-librarian/playground/hmr/self-accept-within-circular/index.html[22m
[2m00:45:30[22m [36m[1m[vite][22m[39m [32mpage reload [39m[2m%TEMP%/vite-librarian/playground/hmr-root/root/index.html[22m
[2m00:45:30[22m [36m[1m[vite][22m[39m [32mpage reload [39m[2m%TEMP%/vite-librarian/playground/preload/index.html[22m
[2m00:45:30[22m [36m[1m[vite][22m[39m [32mpage reload [39m[2m%TEMP%/vite-librarian/playground/preserve-symlinks/index.html[22m
[2m00:45:30[22m [36m[1m[vite][22m[39m [32mpage reload [39m[2m%TEMP%/vite-librarian/playground/proxy-bypass/index.html[22m
[2m00:45:30[22m [36m[1m[vite][22m[39m [32mpage reload [39m[2m%TEMP%/vite-librarian/playground/resolve/index.html[22m
[2m00:45:30[22m [36m[1m[vite][22m[39m [32mpage reload [39m[2m%TEMP%/vite-librarian/playground/proxy-hmr/index.html[22m
[2m00:45:30[22m [36m[1m[vite][22m[39m [32mpage reload [39m[2m%TEMP%/vite-librarian/playground/resolve-tsconfig-paths/index.html[22m
[2m00:45:30[22m [36m[1m[vite][22m[39m changed tsconfig file detected: D:\Project\resume-engine\%TEMP%\vite-librarian\playground\resolve-tsconfig-paths\tsconfig.json - Clearing cache and forcing full-reload to ensure TypeScript is compiled with updated config values.
[2m00:45:30[22m [36m[1m[vite][22m[39m changed tsconfig file detected: D:\Project\resume-engine\%TEMP%\vite-librarian\packages\vite\src\node\__tests__\fixtures\scan-jsx-runtime\tsconfig.json - Clearing cache and forcing full-reload to ensure TypeScript is compiled with updated config values.
[2m00:45:30[22m [36m[1m[vite][22m[39m [32mpage reload [39m[2m%TEMP%/vite-librarian/packages/vite/src/node/__tests__/packages/build-project/index.html[22m
[2m00:45:30[22m [36m[1m[vite][22m[39m [32mpage reload [39m[2m%TEMP%/vite-librarian/playground/css/postcss-caching/blue-app/index.html[22m
[2m00:45:30[22m [36m[1m[vite][22m[39m [32mpage reload [39m[2m%TEMP%/vite-librarian/playground/css/postcss-caching/green-app/index.html[22m
[2m00:45:30[22m [36m[1m[vite][22m[39m [32mpage reload [39m[2m%TEMP%/vite-librarian/playground/html/inline/shared-1.html[22m
[2m00:45:30[22m [36m[1m[vite][22m[39m [32mpage reload [39m[2m%TEMP%/vite-librarian/playground/html/inline/shared-2.html[22m
[2m00:45:30[22m [36m[1m[vite][22m[39m [32mpage reload [39m[2m%TEMP%/vite-librarian/playground/html/inline/shared_a.html[22m
[2m00:45:30[22m [36m[1m[vite][22m[39m [32mpage reload [39m[2m%TEMP%/vite-librarian/playground/html/inline/unique.html[22m
[2m00:45:30[22m [36m[1m[vite][22m[39m [32mpage reload [39m[2m%TEMP%/vite-librarian/playground/html/serve/both.html[22m
[2m00:45:30[22m [36m[1m[vite][22m[39m [32mpage reload [39m[2m%TEMP%/vite-librarian/playground/html/serve/file.html[22m
[2m00:45:30[22m [36m[1m[vite][22m[39m [32mpage reload [39m[2m%TEMP%/vite-librarian/playground/html/nested/index.html[22m
[2m00:45:30[22m [36m[1m[vite][22m[39m [32mpage reload [39m[2m%TEMP%/vite-librarian/playground/html/link-props/index.html[22m
[2m00:45:30[22m [36m[1m[vite][22m[39m [32mpage reload [39m[2m%TEMP%/vite-librarian/playground/html/side-effects/index.html[22m
[2m00:45:31[22m [36m[1m[vite][22m[39m [32mpage reload [39m[2m%TEMP%/vite-librarian/playground/ssr/index.html[22m
[2m00:45:31[22m [36m[1m[vite][22m[39m [32mpage reload [39m[2m%TEMP%/vite-librarian/playground/ssr-html/index.html[22m
[2m00:45:31[22m [36m[1m[vite][22m[39m [32mpage reload [39m[2m%TEMP%/vite-librarian/playground/ssr-conditions/index.html[22m
[2m00:45:31[22m [36m[1m[vite][22m[39m [32mpage reload [39m[2m%TEMP%/vite-librarian/playground/ssr-deps/index.html[22m
[2m00:45:31[22m [36m[1m[vite][22m[39m [32mpage reload [39m[2m%TEMP%/vite-librarian/playground/ssr-noexternal/index.html[22m
[2m00:45:31[22m [36m[1m[vite][22m[39m [32mpage reload [39m[2m%TEMP%/vite-librarian/playground/tsconfig-json-load-error/index.html[22m
[2m00:45:31[22m [36m[1m[vite][22m[39m changed tsconfig file detected: D:\Project\resume-engine\%TEMP%\vite-librarian\playground\tsconfig-json-load-error\tsconfig.json - Clearing cache and forcing full-reload to ensure TypeScript is compiled with updated config values.
[2m00:45:31[22m [36m[1m[vite][22m[39m [32mpage reload [39m[2m%TEMP%/vite-librarian/playground/tailwind/index.html[22m
[2m00:45:31[22m [36m[1m[vite][22m[39m [32mpage reload [39m[2m%TEMP%/vite-librarian/playground/transform-plugin/index.html[22m
[2m00:45:31[22m [36m[1m[vite][22m[39m [32mpage reload [39m[2m%TEMP%/vite-librarian/playground/tailwind-sourcemap/index.html[22m
[2m00:45:31[22m [36m[1m[vite][22m[39m [32mpage reload [39m[2m%TEMP%/vite-librarian/playground/tailwind-v3/index.html[22m
[2m00:45:31[22m [36m[1m[vite][22m[39m changed tsconfig file detected: D:\Project\resume-engine\%TEMP%\vite-librarian\scripts\tsconfig.json - Clearing cache and forcing full-reload to ensure TypeScript is compiled with updated config values.
[2m00:45:31[22m [36m[1m[vite][22m[39m [32mpage reload [39m[2m%TEMP%/vite-librarian/playground/tsconfig-json/index.html[22m
[2m00:45:31[22m [36m[1m[vite][22m[39m changed tsconfig file detected: D:\Project\resume-engine\%TEMP%\vite-librarian\playground\tsconfig-json\tsconfig.json - Clearing cache and forcing full-reload to ensure TypeScript is compiled with updated config values.
[2m00:45:31[22m [36m[1m[vite][22m[39m [32mpage reload [39m[2m%TEMP%/vite-librarian/playground/wasm/index.html[22m
[2m00:45:31[22m [36m[1m[vite][22m[39m [32mpage reload [39m[2m%TEMP%/vite-librarian/playground/worker/index.html[22m
[2m00:45:31[22m [36m[1m[vite][22m[39m [32mpage reload [39m[2m%TEMP%/vite-librarian/playground/legacy/nested/index.html[22m
[2m00:45:31[22m [36m[1m[vite][22m[39m [32mpage reload [39m[2m%TEMP%/vite-librarian/playground/fs-serve/root/src/index.html[22m
[2m00:45:31[22m [36m[1m[vite][22m[39m [32mpage reload [39m[2m%TEMP%/vite-librarian/playground/hmr/accept-exports/dynamic-imports/index.html[22m
[2m00:45:31[22m [36m[1m[vite][22m[39m [32mpage reload [39m[2m%TEMP%/vite-librarian/playground/hmr/accept-exports/export-from/index.html[22m
[2m00:45:31[22m [36m[1m[vite][22m[39m [32mpage reload [39m[2m%TEMP%/vite-librarian/playground/hmr/accept-exports/side-effects/index.html[22m
[2m00:45:31[22m [36m[1m[vite][22m[39m [32mpage reload [39m[2m%TEMP%/vite-librarian/playground/hmr/accept-exports/main-non-accepted/index.html[22m
[2m00:45:31[22m [36m[1m[vite][22m[39m [32mpage reload [39m[2m%TEMP%/vite-librarian/playground/hmr/accept-exports/star-imports/index.html[22m
[2m00:45:31[22m [36m[1m[vite][22m[39m [32mpage reload [39m[2m%TEMP%/vite-librarian/playground/hmr/accept-exports/reexports.bak/index.html[22m
[2m00:45:31[22m [36m[1m[vite][22m[39m [32mpage reload [39m[2m%TEMP%/vite-librarian/playground/hmr/accept-exports/unused-exports/index.html[22m
[2m00:45:31[22m [36m[1m[vite][22m[39m [32mpage reload [39m[2m%TEMP%/vite-librarian/playground/hmr/accept-exports/main-accepted/index.html[22m
[2m00:45:31[22m [36m[1m[vite][22m[39m [32mpage reload [39m[2m%TEMP%/vite-librarian/playground/hmr/unicode-path/中文-にほんご-한글-🌕🌖🌗/index.html[22m
[2m00:45:31[22m [36m[1m[vite][22m[39m [32mpage reload [39m[2m%TEMP%/vite-librarian/playground/hmr-ssr/accept-exports/export-from/index.html[22m
[2m00:45:31[22m [36m[1m[vite][22m[39m [32mpage reload [39m[2m%TEMP%/vite-librarian/playground/hmr-ssr/accept-exports/reexports.bak/index.html[22m
[2m00:45:31[22m [36m[1m[vite][22m[39m [32mpage reload [39m[2m%TEMP%/vite-librarian/playground/hmr-ssr/accept-exports/unused-exports/index.html[22m
[2m00:45:31[22m [36m[1m[vite][22m[39m [32mpage reload [39m[2m%TEMP%/vite-librarian/playground/proxy-hmr/other-app/index.html[22m
[2m00:45:31[22m [36m[1m[vite][22m[39m [32mpage reload [39m[2m%TEMP%/vite-librarian/playground/html/serve/folder/index.html[22m
[2m00:45:31[22m [36m[1m[vite][22m[39m [32mpage reload [39m[2m%TEMP%/vite-librarian/playground/html/unicode-path/中文-にほんご-한글-🌕🌖🌗/index.html[22m
[2m00:45:31[22m [36m[1m[vite][22m[39m [32mpage reload [39m[2m%TEMP%/vite-librarian/playground/html/serve/both/index.html[22m
[2m00:45:32[22m [36m[1m[vite][22m[39m changed tsconfig file detected: D:\Project\resume-engine\%TEMP%\vite-librarian\playground\tsconfig-json-load-error\has-error\tsconfig.json - Clearing cache and forcing full-reload to ensure TypeScript is compiled with updated config values.
[2m00:45:32[22m [36m[1m[vite][22m[39m changed tsconfig file detected: D:\Project\resume-engine\%TEMP%\vite-librarian\playground\tsconfig-json\nested-with-extends\tsconfig.json - Clearing cache and forcing full-reload to ensure TypeScript is compiled with updated config values.
[2m00:45:32[22m [36m[1m[vite][22m[39m changed tsconfig file detected: D:\Project\resume-engine\%TEMP%\vite-librarian\playground\tsconfig-json\nested\tsconfig.json - Clearing cache and forcing full-reload to ensure TypeScript is compiled with updated config values.
[2m00:45:32[22m [36m[1m[vite][22m[39m [32mpage reload [39m[2m%TEMP%/vite-librarian/packages/vite/src/node/__tests__/plugins/fixtures/license/index.html[22m
[2m00:45:32[22m [36m[1m[vite][22m[39m changed tsconfig file detected: D:\Project\resume-engine\%TEMP%\vite-librarian\playground\resolve-tsconfig-paths\src\nested\tsconfig.json - Clearing cache and forcing full-reload to ensure TypeScript is compiled with updated config values.
[2m00:45:32[22m [36m[1m[vite][22m[39m changed tsconfig file detected: D:\Project\resume-engine\%TEMP%\vite-librarian\packages\vite\src\node\__tests__\plugins\fixtures\oxc-tsconfigs\decorator-metadata\tsconfig.json - Clearing cache and forcing full-reload to ensure TypeScript is compiled with updated config values.
[2m00:45:32[22m [36m[1m[vite][22m[39m changed tsconfig file detected: D:\Project\resume-engine\%TEMP%\vite-librarian\packages\vite\src\node\__tests__\plugins\fixtures\oxc-tsconfigs\empty\tsconfig.json - Clearing cache and forcing full-reload to ensure TypeScript is compiled with updated config values.
[2m00:45:32[22m [36m[1m[vite][22m[39m changed tsconfig file detected: D:\Project\resume-engine\%TEMP%\vite-librarian\packages\vite\src\node\__tests__\plugins\fixtures\oxc-tsconfigs\jsx-preserve\tsconfig.json - Clearing cache and forcing full-reload to ensure TypeScript is compiled with updated config values.
[2m00:45:32[22m [36m[1m[vite][22m[39m changed tsconfig file detected: D:\Project\resume-engine\%TEMP%\vite-librarian\packages\vite\src\node\__tests__\plugins\fixtures\oxc-tsconfigs\jsx-complex-options\tsconfig.json - Clearing cache and forcing full-reload to ensure TypeScript is compiled with updated config values.
[2m00:45:32[22m [36m[1m[vite][22m[39m changed tsconfig file detected: D:\Project\resume-engine\%TEMP%\vite-librarian\packages\vite\src\node\__tests__\plugins\fixtures\oxc-tsconfigs\target-esnext\tsconfig.json - Clearing cache and forcing full-reload to ensure TypeScript is compiled with updated config values.
[2m00:45:32[22m [36m[1m[vite][22m[39m changed tsconfig file detected: D:\Project\resume-engine\%TEMP%\vite-librarian\packages\vite\src\node\__tests__\plugins\fixtures\oxc-tsconfigs\jsx-react-jsx\tsconfig.json - Clearing cache and forcing full-reload to ensure TypeScript is compiled with updated config values.
[2m00:45:32[22m [36m[1m[vite][22m[39m changed tsconfig file detected: D:\Project\resume-engine\%TEMP%\vite-librarian\packages\vite\src\node\__tests__\plugins\fixtures\oxc-tsconfigs\target-es2021\tsconfig.json - Clearing cache and forcing full-reload to ensure TypeScript is compiled with updated config values.
[2m00:45:32[22m [36m[1m[vite][22m[39m changed tsconfig file detected: D:\Project\resume-engine\%TEMP%\vite-librarian\packages\vite\src\node\__tests__\plugins\fixtures\oxc-tsconfigs\use-define-false\tsconfig.json - Clearing cache and forcing full-reload to ensure TypeScript is compiled with updated config values.
[2m00:45:32[22m [36m[1m[vite][22m[39m changed tsconfig file detected: D:\Project\resume-engine\%TEMP%\vite-librarian\packages\vite\src\node\__tests__\plugins\fixtures\oxc-tsconfigs\target-es2022\tsconfig.json - Clearing cache and forcing full-reload to ensure TypeScript is compiled with updated config values.
[2m00:45:32[22m [36m[1m[vite][22m[39m changed tsconfig file detected: D:\Project\resume-engine\%TEMP%\vite-librarian\packages\vite\src\node\__tests__\plugins\fixtures\oxc-tsconfigs\use-define-true\tsconfig.json - Clearing cache and forcing full-reload to ensure TypeScript is compiled with updated config values.
[2m00:48:00[22m [36m[1m[vite][22m[39m changed tsconfig file detected: D:\Project\resume-engine\%TEMP%\worldmonitor-librarian\blog-site\tsconfig.json - Clearing cache and forcing full-reload to ensure TypeScript is compiled with updated config values.
[2m00:48:00[22m [36m[1m[vite][22m[39m changed tsconfig file detected: D:\Project\resume-engine\%TEMP%\worldmonitor-librarian\consumer-prices-core\tsconfig.json - Clearing cache and forcing full-reload to ensure TypeScript is compiled with updated config values.
[2m00:48:00[22m [36m[1m[vite][22m[39m changed tsconfig file detected: D:\Project\resume-engine\%TEMP%\worldmonitor-librarian\convex\tsconfig.json - Clearing cache and forcing full-reload to ensure TypeScript is compiled with updated config values.
[2m00:48:00[22m [36m[1m[vite][22m[39m [32mpage reload [39m[2m%TEMP%/worldmonitor-librarian/index.html[22m
[2m00:48:00[22m [36m[1m[vite][22m[39m [32mpage reload [39m[2m%TEMP%/worldmonitor-librarian/live-channels.html[22m
[2m00:48:00[22m [36m[1m[vite][22m[39m changed tsconfig file detected: D:\Project\resume-engine\%TEMP%\worldmonitor-librarian\e2e\tsconfig.json - Clearing cache and forcing full-reload to ensure TypeScript is compiled with updated config values.
[2m00:48:00[22m [36m[1m[vite][22m[39m [32mpage reload [39m[2m%TEMP%/worldmonitor-librarian/pro-test/index.html[22m
[2m00:48:00[22m [36m[1m[vite][22m[39m changed tsconfig file detected: D:\Project\resume-engine\%TEMP%\worldmonitor-librarian\pro-test\tsconfig.json - Clearing cache and forcing full-reload to ensure TypeScript is compiled with updated config values.
[2m00:48:01[22m [36m[1m[vite][22m[39m [32mpage reload [39m[2m%TEMP%/worldmonitor-librarian/public/offline.html[22m
[2m00:48:01[22m [36m[1m[vite][22m[39m [32mpage reload [39m[2m%TEMP%/worldmonitor-librarian/settings.html[22m
[2m00:48:01[22m [36m[1m[vite][22m[39m [32mpage reload [39m[2m%TEMP%/worldmonitor-librarian/public/pro/index.html[22m
[2m00:48:01[22m [36m[1m[vite][22m[39m changed tsconfig file detected: D:\Project\resume-engine\%TEMP%\worldmonitor-librarian\tsconfig.json - Clearing cache and forcing full-reload to ensure TypeScript is compiled with updated config values.
[2m00:48:02[22m [36m[1m[vite][22m[39m [32mpage reload [39m[2m%TEMP%/worldmonitor-librarian/tests/map-harness.html[22m
[2m00:48:02[22m [36m[1m[vite][22m[39m [32mpage reload [39m[2m%TEMP%/worldmonitor-librarian/tests/mobile-map-harness.html[22m
[2m00:48:02[22m [36m[1m[vite][22m[39m [32mpage reload [39m[2m%TEMP%/worldmonitor-librarian/tests/mobile-map-integration-harness.html[22m
[2m00:48:02[22m [36m[1m[vite][22m[39m [32mpage reload [39m[2m%TEMP%/worldmonitor-librarian/tests/runtime-harness.html[22m
[2m00:57:51[22m [36m[1m[vite][22m[39m changed tsconfig file detected: D:\Project\resume-engine\.tmp\vite-research\docs\tsconfig.json - Clearing cache and forcing full-reload to ensure TypeScript is compiled with updated config values.
[2m00:57:51[22m [36m[1m[vite][22m[39m [32mpage reload [39m[2m.tmp/vite-research/packages/create-vite/template-lit/index.html[22m
[2m00:57:51[22m [36m[1m[vite][22m[39m [32mpage reload [39m[2m.tmp/vite-research/packages/create-vite/template-preact/index.html[22m
[2m00:57:51[22m [36m[1m[vite][22m[39m [32mpage reload [39m[2m.tmp/vite-research/packages/create-vite/template-lit-ts/index.html[22m
[2m00:57:51[22m [36m[1m[vite][22m[39m changed tsconfig file detected: D:\Project\resume-engine\.tmp\vite-research\packages\create-vite\template-lit-ts\tsconfig.json - Clearing cache and forcing full-reload to ensure TypeScript is compiled with updated config values.
[2m00:57:51[22m [36m[1m[vite][22m[39m [32mpage reload [39m[2m.tmp/vite-research/packages/create-vite/template-qwik/index.html[22m
[2m00:57:51[22m [36m[1m[vite][22m[39m [32mpage reload [39m[2m.tmp/vite-research/packages/create-vite/template-react-ts/index.html[22m
[2m00:57:51[22m [36m[1m[vite][22m[39m changed tsconfig file detected: D:\Project\resume-engine\.tmp\vite-research\packages\create-vite\template-react-ts\tsconfig.json - Clearing cache and forcing full-reload to ensure TypeScript is compiled with updated config values.
[2m00:57:51[22m [36m[1m[vite][22m[39m [32mpage reload [39m[2m.tmp/vite-research/packages/create-vite/template-qwik-ts/index.html[22m
[2m00:57:51[22m [36m[1m[vite][22m[39m changed tsconfig file detected: D:\Project\resume-engine\.tmp\vite-research\packages\create-vite\template-qwik-ts\tsconfig.json - Clearing cache and forcing full-reload to ensure TypeScript is compiled with updated config values.
[2m00:57:51[22m [36m[1m[vite][22m[39m [32mpage reload [39m[2m.tmp/vite-research/packages/create-vite/template-preact-ts/index.html[22m
[2m00:57:51[22m [36m[1m[vite][22m[39m changed tsconfig file detected: D:\Project\resume-engine\.tmp\vite-research\packages\create-vite\template-preact-ts\tsconfig.json - Clearing cache and forcing full-reload to ensure TypeScript is compiled with updated config values.
[2m00:57:51[22m [36m[1m[vite][22m[39m [32mpage reload [39m[2m.tmp/vite-research/packages/create-vite/template-react/index.html[22m
[2m00:57:51[22m [36m[1m[vite][22m[39m [32mpage reload [39m[2m.tmp/vite-research/packages/create-vite/template-solid-ts/index.html[22m
[2m00:57:51[22m [36m[1m[vite][22m[39m changed tsconfig file detected: D:\Project\resume-engine\.tmp\vite-research\packages\create-vite\template-solid-ts\tsconfig.json - Clearing cache and forcing full-reload to ensure TypeScript is compiled with updated config values.
[2m00:57:51[22m [36m[1m[vite][22m[39m [32mpage reload [39m[2m.tmp/vite-research/packages/create-vite/template-svelte-ts/index.html[22m
[2m00:57:51[22m [36m[1m[vite][22m[39m changed tsconfig file detected: D:\Project\resume-engine\.tmp\vite-research\packages\create-vite\template-svelte-ts\tsconfig.json - Clearing cache and forcing full-reload to ensure TypeScript is compiled with updated config values.
[2m00:57:51[22m [36m[1m[vite][22m[39m [32mpage reload [39m[2m.tmp/vite-research/packages/create-vite/template-solid/index.html[22m
[2m00:57:51[22m [36m[1m[vite][22m[39m changed tsconfig file detected: D:\Project\resume-engine\.tmp\vite-research\packages\create-vite\tsconfig.json - Clearing cache and forcing full-reload to ensure TypeScript is compiled with updated config values.
[2m00:57:51[22m [36m[1m[vite][22m[39m [32mpage reload [39m[2m.tmp/vite-research/packages/create-vite/template-svelte/index.html[22m
[2m00:57:51[22m [36m[1m[vite][22m[39m [32mpage reload [39m[2m.tmp/vite-research/packages/create-vite/template-vanilla-ts/index.html[22m
[2m00:57:51[22m [36m[1m[vite][22m[39m changed tsconfig file detected: D:\Project\resume-engine\.tmp\vite-research\packages\create-vite\template-vanilla-ts\tsconfig.json - Clearing cache and forcing full-reload to ensure TypeScript is compiled with updated config values.
[2m00:57:51[22m [36m[1m[vite][22m[39m [32mpage reload [39m[2m.tmp/vite-research/packages/create-vite/template-vanilla/index.html[22m
[2m00:57:51[22m [36m[1m[vite][22m[39m [32mpage reload [39m[2m.tmp/vite-research/packages/create-vite/template-vue-ts/index.html[22m
[2m00:57:51[22m [36m[1m[vite][22m[39m changed tsconfig file detected: D:\Project\resume-engine\.tmp\vite-research\packages\create-vite\template-vue-ts\tsconfig.json - Clearing cache and forcing full-reload to ensure TypeScript is compiled with updated config values.
[2m00:57:51[22m [36m[1m[vite][22m[39m changed tsconfig file detected: D:\Project\resume-engine\.tmp\vite-research\packages\plugin-legacy\tsconfig.json - Clearing cache and forcing full-reload to ensure TypeScript is compiled with updated config values.
[2m00:57:51[22m [36m[1m[vite][22m[39m [32mpage reload [39m[2m.tmp/vite-research/packages/create-vite/template-vue/index.html[22m
[2m00:57:52[22m [36m[1m[vite][22m[39m changed tsconfig file detected: D:\Project\resume-engine\.tmp\vite-research\packages\vite\tsconfig.json - Clearing cache and forcing full-reload to ensure TypeScript is compiled with updated config values.
[2m00:57:52[22m [36m[1m[vite][22m[39m changed tsconfig file detected: D:\Project\resume-engine\.tmp\vite-research\packages\vite\src\client\tsconfig.json - Clearing cache and forcing full-reload to ensure TypeScript is compiled with updated config values.
[2m00:57:52[22m [36m[1m[vite][22m[39m changed tsconfig file detected: D:\Project\resume-engine\.tmp\vite-research\packages\vite\src\node\tsconfig.json - Clearing cache and forcing full-reload to ensure TypeScript is compiled with updated config values.
[2m00:57:52[22m [36m[1m[vite][22m[39m changed tsconfig file detected: D:\Project\resume-engine\.tmp\vite-research\packages\vite\src\module-runner\tsconfig.json - Clearing cache and forcing full-reload to ensure TypeScript is compiled with updated config values.
[2m00:57:52[22m [36m[1m[vite][22m[39m changed tsconfig file detected: D:\Project\resume-engine\.tmp\vite-research\packages\vite\src\shared\tsconfig.json - Clearing cache and forcing full-reload to ensure TypeScript is compiled with updated config values.
[2m00:57:52[22m [36m[1m[vite][22m[39m [32mpage reload [39m[2m.tmp/vite-research/playground/alias/index.html[22m
[2m00:57:52[22m [36m[1m[vite][22m[39m [32mpage reload [39m[2m.tmp/vite-research/playground/assets/index.html[22m
[2m00:57:52[22m [36m[1m[vite][22m[39m [32mpage reload [39m[2m.tmp/vite-research/playground/assets-sanitize/index.html[22m
[2m00:57:52[22m [36m[1m[vite][22m[39m [32mpage reload [39m[2m.tmp/vite-research/playground/base-conflict/index.html[22m
[2m00:57:52[22m [36m[1m[vite][22m[39m [32mpage reload [39m[2m.tmp/vite-research/playground/build-old/index.html[22m
[2m00:57:52[22m [36m[1m[vite][22m[39m [32mpage reload [39m[2m.tmp/vite-research/playground/cli/index.html[22m
[2m00:57:52[22m [36m[1m[vite][22m[39m [32mpage reload [39m[2m.tmp/vite-research/playground/csp/index.html[22m
[2m00:57:52[22m [36m[1m[vite][22m[39m [32mpage reload [39m[2m.tmp/vite-research/playground/client-reload/index.html[22m
[2m00:57:52[22m [36m[1m[vite][22m[39m [32mpage reload [39m[2m.tmp/vite-research/playground/cli-module/index.html[22m
[2m00:57:52[22m [36m[1m[vite][22m[39m [32mpage reload [39m[2m.tmp/vite-research/playground/css-codesplit/index.html[22m
[2m00:57:52[22m [36m[1m[vite][22m[39m [32mpage reload [39m[2m.tmp/vite-research/playground/css-codesplit/shared-css-no-js.html[22m
[2m00:57:52[22m [36m[1m[vite][22m[39m [32mpage reload [39m[2m.tmp/vite-research/playground/css-codesplit/shared-css-with-js.html[22m
[2m00:57:52[22m [36m[1m[vite][22m[39m [32mpage reload [39m[2m.tmp/vite-research/playground/css-codesplit-cjs/index.html[22m
[2m00:57:52[22m [36m[1m[vite][22m[39m changed tsconfig file detected: D:\Project\resume-engine\.tmp\vite-research\packages\vite\src\module-runner\__tests_dts__\tsconfig.json - Clearing cache and forcing full-reload to ensure TypeScript is compiled with updated config values.
[2m00:57:52[22m [36m[1m[vite][22m[39m changed tsconfig file detected: D:\Project\resume-engine\.tmp\vite-research\packages\vite\src\node\__tests_dts__\tsconfig.json - Clearing cache and forcing full-reload to ensure TypeScript is compiled with updated config values.
[2m00:57:52[22m [36m[1m[vite][22m[39m [32mpage reload [39m[2m.tmp/vite-research/playground/css-lightningcss-proxy/index.html[22m
[2m00:57:52[22m [36m[1m[vite][22m[39m [32mpage reload [39m[2m.tmp/vite-research/playground/css-lightningcss/index.html[22m
[2m00:57:52[22m [36m[1m[vite][22m[39m [32mpage reload [39m[2m.tmp/vite-research/playground/css-dynamic-import/index.html[22m
[2m00:57:52[22m [36m[1m[vite][22m[39m [32mpage reload [39m[2m.tmp/vite-research/playground/css-no-codesplit/index.html[22m
[2m00:57:52[22m [36m[1m[vite][22m[39m [32mpage reload [39m[2m.tmp/vite-research/playground/css-no-codesplit/sub.html[22m
[2m00:57:52[22m [36m[1m[vite][22m[39m [32mpage reload [39m[2m.tmp/vite-research/playground/css-sourcemap/index.html[22m
[2m00:57:52[22m [36m[1m[vite][22m[39m [32mpage reload [39m[2m.tmp/vite-research/playground/css/index.html[22m
[2m00:57:52[22m [36m[1m[vite][22m[39m [32mpage reload [39m[2m.tmp/vite-research/playground/assets/nested/partial.html[22m
[2m00:57:52[22m [36m[1m[vite][22m[39m [32mpage reload [39m[2m.tmp/vite-research/playground/css-lightningcss-root/root/index.html[22m
[2m00:57:52[22m [36m[1m[vite][22m[39m [32mpage reload [39m[2m.tmp/vite-research/playground/define/index.html[22m
[2m00:57:52[22m [36m[1m[vite][22m[39m [32mpage reload [39m[2m.tmp/vite-research/playground/devtools/index.html[22m
[2m00:57:52[22m [36m[1m[vite][22m[39m [32mpage reload [39m[2m.tmp/vite-research/playground/env-nested/index.html[22m
[2m00:57:52[22m [36m[1m[vite][22m[39m [32mpage reload [39m[2m.tmp/vite-research/playground/dynamic-import-inline/index.html[22m
[2m00:57:52[22m [36m[1m[vite][22m[39m [32mpage reload [39m[2m.tmp/vite-research/playground/environment-react-ssr/index.html[22m
[2m00:57:52[22m [36m[1m[vite][22m[39m changed tsconfig file detected: D:\Project\resume-engine\.tmp\vite-research\playground\environment-react-ssr\tsconfig.json - Clearing cache and forcing full-reload to ensure TypeScript is compiled with updated config values.
[2m00:57:52[22m [36m[1m[vite][22m[39m [32mpage reload [39m[2m.tmp/vite-research/playground/dynamic-import/index.html[22m
[2m00:57:52[22m [36m[1m[vite][22m[39m [32mpage reload [39m[2m.tmp/vite-research/playground/extensions/index.html[22m
[2m00:57:52[22m [36m[1m[vite][22m[39m [32mpage reload [39m[2m.tmp/vite-research/playground/external/index.html[22m
[2m00:57:52[22m [36m[1m[vite][22m[39m [32mpage reload [39m[2m.tmp/vite-research/playground/data-uri/index.html[22m
[2m00:57:52[22m [36m[1m[vite][22m[39m [32mpage reload [39m[2m.tmp/vite-research/playground/fs-serve/unsafe.html[22m
[2m00:57:52[22m [36m[1m[vite][22m[39m [32mpage reload [39m[2m.tmp/vite-research/playground/env/index.html[22m
[2m00:57:52[22m [36m[1m[vite][22m[39m [32mpage reload [39m[2m.tmp/vite-research/playground/forward-console/index.html[22m
[2m00:57:52[22m [36m[1m[vite][22m[39m [32mpage reload [39m[2m.tmp/vite-research/playground/glob-import/index.html[22m
[2m00:57:52[22m [36m[1m[vite][22m[39m [32mpage reload [39m[2m.tmp/vite-research/playground/hmr-full-bundle-mode/index.html[22m
[2m00:57:52[22m [36m[1m[vite][22m[39m [32mpage reload [39m[2m.tmp/vite-research/playground/hmr/index.html[22m
[2m00:57:52[22m [36m[1m[vite][22m[39m [32mpage reload [39m[2m.tmp/vite-research/playground/css/treeshake-scoped/index.html[22m
[2m00:57:52[22m [36m[1m[vite][22m[39m [32mpage reload [39m[2m.tmp/vite-research/playground/html/a á.html[22m
[2m00:57:52[22m [36m[1m[vite][22m[39m [32mpage reload [39m[2m.tmp/vite-research/playground/html/emptyAttr.html[22m
[2m00:57:52[22m [36m[1m[vite][22m[39m [32mpage reload [39m[2m.tmp/vite-research/playground/html/foo.html[22m
[2m00:57:52[22m [36m[1m[vite][22m[39m [32mpage reload [39m[2m.tmp/vite-research/playground/html/env.html[22m
[2m00:57:52[22m [36m[1m[vite][22m[39m [32mpage reload [39m[2m.tmp/vite-research/playground/html/importmapOrder.html[22m
[2m00:57:52[22m [36m[1m[vite][22m[39m [32mpage reload [39m[2m.tmp/vite-research/playground/html/invalid.html[22m
[2m00:57:52[22m [36m[1m[vite][22m[39m [32mpage reload [39m[2m.tmp/vite-research/playground/html/invalidClick.html[22m
[2m00:57:52[22m [36m[1m[vite][22m[39m [32mpage reload [39m[2m.tmp/vite-research/playground/html/index.html[22m
[2m00:57:52[22m [36m[1m[vite][22m[39m [32mpage reload [39m[2m.tmp/vite-research/playground/html/invalidEscape.html[22m
[2m00:57:52[22m [36m[1m[vite][22m[39m [32mpage reload [39m[2m.tmp/vite-research/playground/html/link.html[22m
[2m00:57:52[22m [36m[1m[vite][22m[39m [32mpage reload [39m[2m.tmp/vite-research/playground/html/malformed-url.html[22m
[2m00:57:52[22m [36m[1m[vite][22m[39m [32mpage reload [39m[2m.tmp/vite-research/playground/html/noHead.html[22m
[2m00:57:52[22m [36m[1m[vite][22m[39m [32mpage reload [39m[2m.tmp/vite-research/playground/html/noBody.html[22m
[2m00:57:52[22m [36m[1m[vite][22m[39m [32mpage reload [39m[2m.tmp/vite-research/playground/html/relative-input.html[22m
[2m00:57:52[22m [36m[1m[vite][22m[39m [32mpage reload [39m[2m.tmp/vite-research/playground/html/scriptAsync.html[22m
[2m00:57:52[22m [36m[1m[vite][22m[39m [32mpage reload [39m[2m.tmp/vite-research/playground/html/scriptMixed.html[22m
[2m00:57:52[22m [36m[1m[vite][22m[39m [32mpage reload [39m[2m.tmp/vite-research/playground/html/transform-inline-js.html[22m
[2m00:57:52[22m [36m[1m[vite][22m[39m [32mpage reload [39m[2m.tmp/vite-research/playground/html/valid.html[22m
[2m00:57:52[22m [36m[1m[vite][22m[39m [32mpage reload [39m[2m.tmp/vite-research/playground/html/write.html[22m
[2m00:57:52[22m [36m[1m[vite][22m[39m [32mpage reload [39m[2m.tmp/vite-research/playground/html/zeroJS.html[22m
[2m00:57:52[22m [36m[1m[vite][22m[39m [32mpage reload [39m[2m.tmp/vite-research/playground/json/index.html[22m
[2m00:57:52[22m [36m[1m[vite][22m[39m [32mpage reload [39m[2m.tmp/vite-research/playground/legacy/index.html[22m
[2m00:57:52[22m [36m[1m[vite][22m[39m [32mpage reload [39m[2m.tmp/vite-research/playground/legacy/no-polyfills-no-systemjs.html[22m
[2m00:57:52[22m [36m[1m[vite][22m[39m [32mpage reload [39m[2m.tmp/vite-research/playground/legacy/no-polyfills.html[22m
[2m00:57:52[22m [36m[1m[vite][22m[39m [32mpage reload [39m[2m.tmp/vite-research/playground/import-assertion/index.html[22m
[2m00:57:52[22m [36m[1m[vite][22m[39m [32mpage reload [39m[2m.tmp/vite-research/playground/js-sourcemap/index.html[22m
[2m00:57:52[22m [36m[1m[vite][22m[39m changed tsconfig file detected: D:\Project\resume-engine\.tmp\vite-research\playground\tsconfig.json - Clearing cache and forcing full-reload to ensure TypeScript is compiled with updated config values.
[2m00:57:52[22m [36m[1m[vite][22m[39m [32mpage reload [39m[2m.tmp/vite-research/playground/lib/index.html[22m
[2m00:57:52[22m [36m[1m[vite][22m[39m [32mpage reload [39m[2m.tmp/vite-research/playground/lib/index.dist.html[22m
[2m00:57:52[22m [36m[1m[vite][22m[39m [32mpage reload [39m[2m.tmp/vite-research/playground/module-graph/index.html[22m
[2m00:57:52[22m [36m[1m[vite][22m[39m [32mpage reload [39m[2m.tmp/vite-research/playground/multiple-entrypoints/index.html[22m
[2m00:57:52[22m [36m[1m[vite][22m[39m [32mpage reload [39m[2m.tmp/vite-research/playground/minify/index.html[22m
[2m00:57:52[22m [36m[1m[vite][22m[39m [32mpage reload [39m[2m.tmp/vite-research/playground/backend-integration/frontend/entrypoints/index.html[22m
[2m00:57:52[22m [36m[1m[vite][22m[39m [32mpage reload [39m[2m.tmp/vite-research/playground/nested-deps/index.html[22m
[2m00:57:52[22m [36m[1m[vite][22m[39m [32mpage reload [39m[2m.tmp/vite-research/playground/object-hooks/index.html[22m
[2m00:57:52[22m [36m[1m[vite][22m[39m [32mpage reload [39m[2m.tmp/vite-research/playground/optimize-deps-no-discovery/index.html[22m
[2m00:57:52[22m [36m[1m[vite][22m[39m [32mpage reload [39m[2m.tmp/vite-research/playground/optimize-deps/index.html[22m
[2m00:57:53[22m [36m[1m[vite][22m[39m [32mpage reload [39m[2m.tmp/vite-research/playground/fs-serve/root/unsafe.html[22m
[2m00:57:53[22m [36m[1m[vite][22m[39m [32mpage reload [39m[2m.tmp/vite-research/playground/preload/index.html[22m
[2m00:57:53[22m [36m[1m[vite][22m[39m [32mpage reload [39m[2m.tmp/vite-research/playground/preserve-symlinks/index.html[22m
[2m00:57:53[22m [36m[1m[vite][22m[39m [32mpage reload [39m[2m.tmp/vite-research/playground/optimize-missing-deps/index.html[22m
[2m00:57:53[22m [36m[1m[vite][22m[39m [32mpage reload [39m[2m.tmp/vite-research/playground/proxy-hmr/index.html[22m
[2m00:57:53[22m [36m[1m[vite][22m[39m [32mpage reload [39m[2m.tmp/vite-research/playground/proxy-bypass/index.html[22m
[2m00:57:53[22m [36m[1m[vite][22m[39m [32mpage reload [39m[2m.tmp/vite-research/playground/hmr-root/root/index.html[22m
[2m00:57:53[22m [36m[1m[vite][22m[39m [32mpage reload [39m[2m.tmp/vite-research/playground/hmr/css-deps/index.html[22m
[2m00:57:53[22m [36m[1m[vite][22m[39m [32mpage reload [39m[2m.tmp/vite-research/playground/hmr/counter/index.html[22m
[2m00:57:53[22m [36m[1m[vite][22m[39m [32mpage reload [39m[2m.tmp/vite-research/playground/hmr/css-link/index.html[22m
[2m00:57:53[22m [36m[1m[vite][22m[39m [32mpage reload [39m[2m.tmp/vite-research/playground/hmr/missing-file/index.html[22m
[2m00:57:53[22m [36m[1m[vite][22m[39m [32mpage reload [39m[2m.tmp/vite-research/playground/hmr/self-accept-within-circular/index.html[22m
[2m00:57:53[22m [36m[1m[vite][22m[39m [32mpage reload [39m[2m.tmp/vite-research/playground/hmr/missing-import/index.html[22m
[2m00:57:53[22m [36m[1m[vite][22m[39m [32mpage reload [39m[2m.tmp/vite-research/playground/resolve-tsconfig-paths/index.html[22m
[2m00:57:53[22m [36m[1m[vite][22m[39m changed tsconfig file detected: D:\Project\resume-engine\.tmp\vite-research\playground\resolve-tsconfig-paths\tsconfig.json - Clearing cache and forcing full-reload to ensure TypeScript is compiled with updated config values.
[2m00:57:53[22m [36m[1m[vite][22m[39m [32mpage reload [39m[2m.tmp/vite-research/playground/resolve/index.html[22m
[2m00:57:53[22m [36m[1m[vite][22m[39m [32mpage reload [39m[2m.tmp/vite-research/playground/ssr-conditions/index.html[22m
[2m00:57:53[22m [36m[1m[vite][22m[39m [32mpage reload [39m[2m.tmp/vite-research/playground/ssr-deps/index.html[22m
[2m00:57:53[22m [36m[1m[vite][22m[39m [32mpage reload [39m[2m.tmp/vite-research/playground/css/postcss-caching/blue-app/index.html[22m
[2m00:57:53[22m [36m[1m[vite][22m[39m [32mpage reload [39m[2m.tmp/vite-research/playground/css/postcss-caching/green-app/index.html[22m
[2m00:57:53[22m [36m[1m[vite][22m[39m [32mpage reload [39m[2m.tmp/vite-research/packages/vite/src/node/__tests__/packages/build-project/index.html[22m
[2m00:57:53[22m [36m[1m[vite][22m[39m [32mpage reload [39m[2m.tmp/vite-research/playground/html/link-props/index.html[22m
[2m00:57:53[22m [36m[1m[vite][22m[39m [32mpage reload [39m[2m.tmp/vite-research/playground/html/inline/shared-1.html[22m
[2m00:57:53[22m [36m[1m[vite][22m[39m [32mpage reload [39m[2m.tmp/vite-research/playground/html/inline/shared-2.html[22m
[2m00:57:53[22m [36m[1m[vite][22m[39m [32mpage reload [39m[2m.tmp/vite-research/playground/html/inline/shared_a.html[22m
[2m00:57:53[22m [36m[1m[vite][22m[39m [32mpage reload [39m[2m.tmp/vite-research/playground/html/inline/unique.html[22m
[2m00:57:53[22m [36m[1m[vite][22m[39m [32mpage reload [39m[2m.tmp/vite-research/playground/html/side-effects/index.html[22m
[2m00:57:53[22m [36m[1m[vite][22m[39m [32mpage reload [39m[2m.tmp/vite-research/playground/html/serve/both.html[22m
[2m00:57:53[22m [36m[1m[vite][22m[39m [32mpage reload [39m[2m.tmp/vite-research/playground/html/serve/file.html[22m
[2m00:57:53[22m [36m[1m[vite][22m[39m [32mpage reload [39m[2m.tmp/vite-research/playground/html/nested/index.html[22m
[2m00:57:53[22m [36m[1m[vite][22m[39m changed tsconfig file detected: D:\Project\resume-engine\.tmp\vite-research\packages\vite\src\node\__tests__\fixtures\scan-jsx-runtime\tsconfig.json - Clearing cache and forcing full-reload to ensure TypeScript is compiled with updated config values.
[2m00:57:53[22m [36m[1m[vite][22m[39m [32mpage reload [39m[2m.tmp/vite-research/playground/ssr/index.html[22m
[2m00:57:53[22m [36m[1m[vite][22m[39m [32mpage reload [39m[2m.tmp/vite-research/playground/ssr-noexternal/index.html[22m
[2m00:57:53[22m [36m[1m[vite][22m[39m [32mpage reload [39m[2m.tmp/vite-research/playground/ssr-html/index.html[22m
[2m00:57:53[22m [36m[1m[vite][22m[39m [32mpage reload [39m[2m.tmp/vite-research/playground/tailwind-v3/index.html[22m
[2m00:57:53[22m [36m[1m[vite][22m[39m [32mpage reload [39m[2m.tmp/vite-research/playground/tailwind/index.html[22m
[2m00:57:53[22m [36m[1m[vite][22m[39m [32mpage reload [39m[2m.tmp/vite-research/playground/tailwind-sourcemap/index.html[22m
[2m00:57:53[22m [36m[1m[vite][22m[39m [32mpage reload [39m[2m.tmp/vite-research/playground/tsconfig-json-load-error/index.html[22m
[2m00:57:53[22m [36m[1m[vite][22m[39m changed tsconfig file detected: D:\Project\resume-engine\.tmp\vite-research\playground\tsconfig-json-load-error\tsconfig.json - Clearing cache and forcing full-reload to ensure TypeScript is compiled with updated config values.
[2m00:57:53[22m [36m[1m[vite][22m[39m [32mpage reload [39m[2m.tmp/vite-research/playground/transform-plugin/index.html[22m
[2m00:57:53[22m [36m[1m[vite][22m[39m [32mpage reload [39m[2m.tmp/vite-research/playground/tsconfig-json/index.html[22m
[2m00:57:53[22m [36m[1m[vite][22m[39m changed tsconfig file detected: D:\Project\resume-engine\.tmp\vite-research\playground\tsconfig-json\tsconfig.json - Clearing cache and forcing full-reload to ensure TypeScript is compiled with updated config values.
[2m00:57:53[22m [36m[1m[vite][22m[39m [32mpage reload [39m[2m.tmp/vite-research/playground/wasm/index.html[22m
[2m00:57:53[22m [36m[1m[vite][22m[39m [32mpage reload [39m[2m.tmp/vite-research/playground/worker/index.html[22m
[2m00:57:53[22m [36m[1m[vite][22m[39m [32mpage reload [39m[2m.tmp/vite-research/playground/legacy/nested/index.html[22m
[2m00:57:53[22m [36m[1m[vite][22m[39m changed tsconfig file detected: D:\Project\resume-engine\.tmp\vite-research\scripts\tsconfig.json - Clearing cache and forcing full-reload to ensure TypeScript is compiled with updated config values.
[2m00:57:53[22m [36m[1m[vite][22m[39m [32mpage reload [39m[2m.tmp/vite-research/playground/fs-serve/root/src/index.html[22m
[2m00:57:53[22m [36m[1m[vite][22m[39m [32mpage reload [39m[2m.tmp/vite-research/playground/proxy-hmr/other-app/index.html[22m
[2m00:57:53[22m [36m[1m[vite][22m[39m [32mpage reload [39m[2m.tmp/vite-research/playground/hmr-ssr/accept-exports/export-from/index.html[22m
[2m00:57:53[22m [36m[1m[vite][22m[39m [32mpage reload [39m[2m.tmp/vite-research/playground/hmr-ssr/accept-exports/unused-exports/index.html[22m
[2m00:57:53[22m [36m[1m[vite][22m[39m [32mpage reload [39m[2m.tmp/vite-research/playground/hmr-ssr/accept-exports/reexports.bak/index.html[22m
[2m00:57:53[22m [36m[1m[vite][22m[39m [32mpage reload [39m[2m.tmp/vite-research/playground/hmr/accept-exports/dynamic-imports/index.html[22m
[2m00:57:53[22m [36m[1m[vite][22m[39m [32mpage reload [39m[2m.tmp/vite-research/playground/hmr/accept-exports/main-non-accepted/index.html[22m
[2m00:57:53[22m [36m[1m[vite][22m[39m [32mpage reload [39m[2m.tmp/vite-research/playground/hmr/accept-exports/export-from/index.html[22m
[2m00:57:53[22m [36m[1m[vite][22m[39m [32mpage reload [39m[2m.tmp/vite-research/playground/hmr/accept-exports/main-accepted/index.html[22m
[2m00:57:53[22m [36m[1m[vite][22m[39m [32mpage reload [39m[2m.tmp/vite-research/playground/hmr/accept-exports/side-effects/index.html[22m
[2m00:57:53[22m [36m[1m[vite][22m[39m [32mpage reload [39m[2m.tmp/vite-research/playground/hmr/accept-exports/reexports.bak/index.html[22m
[2m00:57:53[22m [36m[1m[vite][22m[39m [32mpage reload [39m[2m.tmp/vite-research/playground/hmr/accept-exports/star-imports/index.html[22m
[2m00:57:53[22m [36m[1m[vite][22m[39m [32mpage reload [39m[2m.tmp/vite-research/playground/hmr/accept-exports/unused-exports/index.html[22m
[2m00:57:53[22m [36m[1m[vite][22m[39m [32mpage reload [39m[2m.tmp/vite-research/playground/hmr/unicode-path/中文-にほんご-한글-🌕🌖🌗/index.html[22m
[2m00:57:53[22m [36m[1m[vite][22m[39m [32mpage reload [39m[2m.tmp/vite-research/playground/html/unicode-path/中文-にほんご-한글-🌕🌖🌗/index.html[22m
[2m00:57:53[22m [36m[1m[vite][22m[39m [32mpage reload [39m[2m.tmp/vite-research/playground/html/serve/both/index.html[22m
[2m00:57:53[22m [36m[1m[vite][22m[39m [32mpage reload [39m[2m.tmp/vite-research/playground/html/serve/folder/index.html[22m
[2m00:57:54[22m [36m[1m[vite][22m[39m changed tsconfig file detected: D:\Project\resume-engine\.tmp\vite-research\playground\tsconfig-json-load-error\has-error\tsconfig.json - Clearing cache and forcing full-reload to ensure TypeScript is compiled with updated config values.
[2m00:57:54[22m [36m[1m[vite][22m[39m changed tsconfig file detected: D:\Project\resume-engine\.tmp\vite-research\playground\tsconfig-json\nested-with-extends\tsconfig.json - Clearing cache and forcing full-reload to ensure TypeScript is compiled with updated config values.
[2m00:57:54[22m [36m[1m[vite][22m[39m changed tsconfig file detected: D:\Project\resume-engine\.tmp\vite-research\playground\tsconfig-json\nested\tsconfig.json - Clearing cache and forcing full-reload to ensure TypeScript is compiled with updated config values.
[2m00:57:54[22m [36m[1m[vite][22m[39m [32mpage reload [39m[2m.tmp/vite-research/packages/vite/src/node/__tests__/plugins/fixtures/license/index.html[22m
[2m00:57:54[22m [36m[1m[vite][22m[39m changed tsconfig file detected: D:\Project\resume-engine\.tmp\vite-research\playground\resolve-tsconfig-paths\src\nested\tsconfig.json - Clearing cache and forcing full-reload to ensure TypeScript is compiled with updated config values.
[2m00:57:54[22m [36m[1m[vite][22m[39m changed tsconfig file detected: D:\Project\resume-engine\.tmp\vite-research\packages\vite\src\node\__tests__\plugins\fixtures\oxc-tsconfigs\decorator-metadata\tsconfig.json - Clearing cache and forcing full-reload to ensure TypeScript is compiled with updated config values.
[2m00:57:54[22m [36m[1m[vite][22m[39m changed tsconfig file detected: D:\Project\resume-engine\.tmp\vite-research\packages\vite\src\node\__tests__\plugins\fixtures\oxc-tsconfigs\empty\tsconfig.json - Clearing cache and forcing full-reload to ensure TypeScript is compiled with updated config values.
[2m00:57:54[22m [36m[1m[vite][22m[39m changed tsconfig file detected: D:\Project\resume-engine\.tmp\vite-research\packages\vite\src\node\__tests__\plugins\fixtures\oxc-tsconfigs\target-es2021\tsconfig.json - Clearing cache and forcing full-reload to ensure TypeScript is compiled with updated config values.
[2m00:57:54[22m [36m[1m[vite][22m[39m changed tsconfig file detected: D:\Project\resume-engine\.tmp\vite-research\packages\vite\src\node\__tests__\plugins\fixtures\oxc-tsconfigs\jsx-preserve\tsconfig.json - Clearing cache and forcing full-reload to ensure TypeScript is compiled with updated config values.
[2m00:57:54[22m [36m[1m[vite][22m[39m changed tsconfig file detected: D:\Project\resume-engine\.tmp\vite-research\packages\vite\src\node\__tests__\plugins\fixtures\oxc-tsconfigs\use-define-false\tsconfig.json - Clearing cache and forcing full-reload to ensure TypeScript is compiled with updated config values.
[2m00:57:54[22m [36m[1m[vite][22m[39m changed tsconfig file detected: D:\Project\resume-engine\.tmp\vite-research\packages\vite\src\node\__tests__\plugins\fixtures\oxc-tsconfigs\target-es2022\tsconfig.json - Clearing cache and forcing full-reload to ensure TypeScript is compiled with updated config values.
[2m00:57:54[22m [36m[1m[vite][22m[39m changed tsconfig file detected: D:\Project\resume-engine\.tmp\vite-research\packages\vite\src\node\__tests__\plugins\fixtures\oxc-tsconfigs\jsx-complex-options\tsconfig.json - Clearing cache and forcing full-reload to ensure TypeScript is compiled with updated config values.
[2m00:57:54[22m [36m[1m[vite][22m[39m changed tsconfig file detected: D:\Project\resume-engine\.tmp\vite-research\packages\vite\src\node\__tests__\plugins\fixtures\oxc-tsconfigs\jsx-react-jsx\tsconfig.json - Clearing cache and forcing full-reload to ensure TypeScript is compiled with updated config values.
[2m00:57:54[22m [36m[1m[vite][22m[39m changed tsconfig file detected: D:\Project\resume-engine\.tmp\vite-research\packages\vite\src\node\__tests__\plugins\fixtures\oxc-tsconfigs\use-define-true\tsconfig.json - Clearing cache and forcing full-reload to ensure TypeScript is compiled with updated config values.
[2m00:57:54[22m [36m[1m[vite][22m[39m changed tsconfig file detected: D:\Project\resume-engine\.tmp\vite-research\packages\vite\src\node\__tests__\plugins\fixtures\oxc-tsconfigs\target-esnext\tsconfig.json - Clearing cache and forcing full-reload to ensure TypeScript is compiled with updated config values.
[2m01:09:55[22m [36m[1m[vite][22m[39m [32mpage reload [39m[2msrc/main.js[22m
[2m01:14:50[22m [36m[1m[vite][22m[39m [32mpage reload [39m[2mtmp/cdp-profile-timeline/Default/Extensions/ncennffkjdiamlpmcbajkmaiiiddgioo/3.52.14_0/options.html[22m
[2m01:14:50[22m [36m[1m[vite][22m[39m [32mpage reload [39m[2mtmp/cdp-profile-timeline/Default/Extensions/ncennffkjdiamlpmcbajkmaiiiddgioo/3.52.14_0/popup.html[22m
[2m01:14:50[22m [36m[1m[vite][22m[39m [32mpage reload [39m[2mtmp/cdp-profile-timeline/Default/Extensions/ncennffkjdiamlpmcbajkmaiiiddgioo/3.52.14_0/xl-images.html[22m
[2m01:15:45[22m [36m[1m[vite][22m[39m [32mpage reload [39m[2mtmp/cdp-profile-timeline/Default/Extensions/Temp/scoped_dir14460_1161836655/CRX_INSTALL/options.html[22m
[2m01:15:45[22m [36m[1m[vite][22m[39m [32mpage reload [39m[2mtmp/cdp-profile-timeline/Default/Extensions/Temp/scoped_dir14460_1161836655/CRX_INSTALL/popup.html[22m
[2m01:15:45[22m [36m[1m[vite][22m[39m [32mpage reload [39m[2mtmp/cdp-profile-timeline/Default/Extensions/Temp/scoped_dir14460_1161836655/CRX_INSTALL/xl-images.html[22m
[2m01:15:45[22m [36m[1m[vite][22m[39m [32mpage reload [39m[2mtmp/cdp-profile-timeline/Default/Extensions/ncennffkjdiamlpmcbajkmaiiiddgioo/3.52.14_1/options.html[22m
[2m01:15:45[22m [36m[1m[vite][22m[39m [32mpage reload [39m[2mtmp/cdp-profile-timeline/Default/Extensions/ncennffkjdiamlpmcbajkmaiiiddgioo/3.52.14_1/popup.html[22m
[2m01:15:45[22m [36m[1m[vite][22m[39m [32mpage reload [39m[2mtmp/cdp-profile-timeline/Default/Extensions/ncennffkjdiamlpmcbajkmaiiiddgioo/3.52.14_1/xl-images.html[22m
[2m01:15:45[22m [36m[1m[vite][22m[39m [32mpage reload [39m[2mtmp/cdp-profile-timeline/Default/Extensions/Temp/scoped_dir14460_1161836655/CRX_INSTALL/options.html[22m
[2m01:15:45[22m [36m[1m[vite][22m[39m [32mpage reload [39m[2mtmp/cdp-profile-timeline/Default/Extensions/Temp/scoped_dir14460_1161836655/CRX_INSTALL/popup.html[22m
[2m01:15:45[22m [36m[1m[vite][22m[39m [32mpage reload [39m[2mtmp/cdp-profile-timeline/Default/Extensions/Temp/scoped_dir14460_1161836655/CRX_INSTALL/xl-images.html[22m
